{"level":"warn","message":"Se ha recibido una petición GET en la ruta /favicon.ico que no existe","timestamp":"2023-05-04T02:31:48.278Z"}
{"level":"warn","message":"Se ha recibido una petición GET en la ruta /images/1681994775029-be3db0c9a10b49c116e26357abfe9be9.jpg que no existe","timestamp":"2023-05-04T02:32:41.909Z"}
{"level":"warn","message":"Se ha recibido una petición GET en la ruta /js/carts.js que no existe","timestamp":"2023-05-04T02:32:42.228Z"}
{"level":"warn","message":"Se ha recibido una petición GET en la ruta /js/prods.js que no existe","timestamp":"2023-05-04T02:32:42.259Z"}
{"level":"warn","message":"Se ha recibido una petición GET en la ruta /favicon.ico que no existe","timestamp":"2023-05-22T21:41:51.301Z"}
{"level":"warn","message":"Se ha recibido una petición GET en la ruta /images/1681994775029-be3db0c9a10b49c116e26357abfe9be9.jpg que no existe","timestamp":"2023-05-22T21:42:43.143Z"}
{"level":"warn","message":"Se ha recibido una petición GET en la ruta /js/prods.js que no existe","timestamp":"2023-05-22T21:42:43.442Z"}
{"level":"warn","message":"Se ha recibido una petición GET en la ruta /js/carts.js que no existe","timestamp":"2023-05-22T21:42:43.478Z"}
{"level":"warn","message":"Se ha recibido una petición GET en la ruta /images/1681994775029-be3db0c9a10b49c116e26357abfe9be9.jpg que no existe","timestamp":"2023-05-22T21:45:56.594Z"}
{"level":"warn","message":"Se ha recibido una petición GET en la ruta /js/prods.js que no existe","timestamp":"2023-05-22T21:45:56.604Z"}
{"level":"warn","message":"Se ha recibido una petición GET en la ruta /js/carts.js que no existe","timestamp":"2023-05-22T21:45:56.606Z"}
{"level":"warn","message":"Se ha recibido una petición GET en la ruta /js/carts.js que no existe","timestamp":"2023-05-22T21:46:08.102Z"}
{"level":"warn","message":"Se ha recibido una petición GET en la ruta /images/1681994775029-be3db0c9a10b49c116e26357abfe9be9.jpg que no existe","timestamp":"2023-05-22T21:46:08.104Z"}
{"level":"warn","message":"Se ha recibido una petición GET en la ruta /js/prods.js que no existe","timestamp":"2023-05-22T21:46:08.106Z"}
{"level":"warn","message":"Se ha recibido una petición GET en la ruta /images/1681994775029-be3db0c9a10b49c116e26357abfe9be9.jpg que no existe","timestamp":"2023-05-22T21:48:41.992Z"}
{"level":"warn","message":"Se ha recibido una petición GET en la ruta /js/carts.js que no existe","timestamp":"2023-05-22T21:48:42.398Z"}
{"level":"warn","message":"Se ha recibido una petición GET en la ruta /js/prods.js que no existe","timestamp":"2023-05-22T21:48:42.406Z"}
{"level":"warn","message":"Se ha recibido una petición GET en la ruta /images/1681994775029-be3db0c9a10b49c116e26357abfe9be9.jpg que no existe","timestamp":"2023-05-22T21:48:53.544Z"}
{"level":"warn","message":"Se ha recibido una petición GET en la ruta /js/prods.js que no existe","timestamp":"2023-05-22T21:48:53.554Z"}
{"level":"warn","message":"Se ha recibido una petición GET en la ruta /js/carts.js que no existe","timestamp":"2023-05-22T21:48:53.871Z"}
{"level":"warn","message":"Se ha recibido una petición GET en la ruta /js/prods.js que no existe","timestamp":"2023-05-22T21:50:07.244Z"}
{"level":"warn","message":"Se ha recibido una petición GET en la ruta /favicon.ico que no existe","timestamp":"2023-05-23T11:31:46.907Z"}
{"level":"warn","message":"Se ha recibido una petición GET en la ruta /images/default.png que no existe","timestamp":"2023-05-23T11:31:53.199Z"}
{"level":"warn","message":"Se ha recibido una petición GET en la ruta /js/prods.js que no existe","timestamp":"2023-05-23T11:31:53.519Z"}
{"level":"warn","message":"Se ha recibido una petición GET en la ruta /js/carts.js que no existe","timestamp":"2023-05-23T11:31:53.525Z"}
{"level":"warn","message":"Se ha recibido una petición GET en la ruta /public/js/prods.js que no existe","timestamp":"2023-05-23T11:34:20.375Z"}
{"level":"warn","message":"Se ha recibido una petición GET en la ruta /images/default.png que no existe","timestamp":"2023-05-23T11:34:20.642Z"}
{"level":"warn","message":"Se ha recibido una petición GET en la ruta /public/js/carts.js que no existe","timestamp":"2023-05-23T11:34:20.646Z"}
{"level":"warn","message":"Se ha recibido una petición GET en la ruta /public/js/carts.js que no existe","timestamp":"2023-05-23T11:34:39.853Z"}
{"level":"warn","message":"Se ha recibido una petición GET en la ruta /images/default.png que no existe","timestamp":"2023-05-23T11:34:39.855Z"}
{"level":"warn","message":"Se ha recibido una petición GET en la ruta /public/js/prods.js que no existe","timestamp":"2023-05-23T11:34:39.861Z"}
{"level":"warn","message":"Se ha recibido una petición GET en la ruta /public/js/carts.js que no existe","timestamp":"2023-05-23T11:36:07.288Z"}
{"level":"warn","message":"Se ha recibido una petición GET en la ruta /public/js/prods.js que no existe","timestamp":"2023-05-23T11:36:07.736Z"}
